# JRE version: OpenJDK Runtime Environment Temurin-21.0.9+10 (21.0.9+10) (build 21.0.9+10-LTS)
# Java VM: OpenJDK 64-Bit Server VM Temurin-21.0.9+10 (21.0.9+10-LTS, mixed mode, sharing, tiered, compressed oops, compressed class ptrs, parallel gc, windows-amd64)
GC Precious Log:
 CardTable entry size: 512
 CPUs: 8 total, 8 available
 Memory: 12093M
 Large Page Support: Disabled
 NUMA Support: Disabled
 Compressed Oops: Enabled (32-bit)
 Alignments: Space 512K, Generation 512K, Heap 2M
 Heap Min Capacity: 100M
 Heap Initial Capacity: 100M
 Heap Max Capacity: 2G
 Pre-touch: Disabled
 Parallel Workers: 8
Heap:
 PSYoungGen      total 9216K, used 8440K [0x00000000d5580000, 0x00000000d6100000, 0x0000000100000000)
  eden space 8704K, 95% used [0x00000000d5580000,0x00000000d5d963a8,0x00000000d5e00000)
  from space 512K, 31% used [0x00000000d6080000,0x00000000d60a8000,0x00000000d6100000)
  to   space 512K, 0% used [0x00000000d6000000,0x00000000d6000000,0x00000000d6080000)
 ParOldGen       total 116224K, used 116193K [0x0000000080000000, 0x0000000087180000, 0x00000000d5580000)
  object space 116224K, 99% used [0x0000000080000000,0x00000000871787c0,0x0000000087180000)
 Metaspace       used 67141K, committed 68736K, reserved 1114112K
  class space    used 7085K, committed 7808K, reserved 1048576K
GC Heap History (20 events):
Event: 32.996 GC heap before
{Heap before GC invocations=82 (full 3):
 PSYoungGen      total 10240K, used 10018K [0x00000000d5580000, 0x00000000d6380000, 0x0000000100000000)
  eden space 8704K, 100% used [0x00000000d5580000,0x00000000d5e00000,0x00000000d5e00000)
  from space 1536K, 85% used [0x00000000d6200000,0x00000000d6348b68,0x00000000d6380000)
  to   space 1536K, 0% used [0x00000000d6080000,0x00000000d6080000,0x00000000d6200000)
 ParOldGen       total 111104K, used 110975K [0x0000000080000000, 0x0000000086c80000, 0x00000000d5580000)
  object space 111104K, 99% used [0x0000000080000000,0x0000000086c5fe50,0x0000000086c80000)
 Metaspace       used 65599K, committed 67200K, reserved 1114112K
  class space    used 6956K, committed 7680K, reserved 1048576K
}
Event: 32.998 GC heap after
{Heap after GC invocations=82 (full 3):
 PSYoungGen      total 10240K, used 1344K [0x00000000d5580000, 0x00000000d6280000, 0x0000000100000000)
  eden space 8704K, 0% used [0x00000000d5580000,0x00000000d5580000,0x00000000d5e00000)
  from space 1536K, 87% used [0x00000000d6080000,0x00000000d61d0020,0x00000000d6200000)
  to   space 512K, 0% used [0x00000000d6200000,0x00000000d6200000,0x00000000d6280000)
 ParOldGen       total 112640K, used 112178K [0x0000000080000000, 0x0000000086e00000, 0x00000000d5580000)
  object space 112640K, 99% used [0x0000000080000000,0x0000000086d8c838,0x0000000086e00000)
 Metaspace       used 65599K, committed 67200K, reserved 1114112K
  class space    used 6956K, committed 7680K, reserved 1048576K
}
Event: 34.018 GC heap before
{Heap before GC invocations=83 (full 3):
 PSYoungGen      total 10240K, used 10048K [0x00000000d5580000, 0x00000000d6280000, 0x0000000100000000)
  eden space 8704K, 100% used [0x00000000d5580000,0x00000000d5e00000,0x00000000d5e00000)
  from space 1536K, 87% used [0x00000000d6080000,0x00000000d61d0020,0x00000000d6200000)
  to   space 512K, 0% used [0x00000000d6200000,0x00000000d6200000,0x00000000d6280000)
 ParOldGen       total 112640K, used 112178K [0x0000000080000000, 0x0000000086e00000, 0x00000000d5580000)
  object space 112640K, 99% used [0x0000000080000000,0x0000000086d8c838,0x0000000086e00000)
 Metaspace       used 65885K, committed 67456K, reserved 1114112K
  class space    used 6964K, committed 7680K, reserved 1048576K
}
Event: 34.020 GC heap after
{Heap after GC invocations=83 (full 3):
 PSYoungGen      total 9216K, used 512K [0x00000000d5580000, 0x00000000d6280000, 0x0000000100000000)
  eden space 8704K, 0% used [0x00000000d5580000,0x00000000d5580000,0x00000000d5e00000)
  from space 512K, 100% used [0x00000000d6200000,0x00000000d6280000,0x00000000d6280000)
  to   space 2048K, 0% used [0x00000000d5e80000,0x00000000d5e80000,0x00000000d6080000)
 ParOldGen       total 113664K, used 113606K [0x0000000080000000, 0x0000000086f00000, 0x00000000d5580000)
  object space 113664K, 99% used [0x0000000080000000,0x0000000086ef18e8,0x0000000086f00000)
 Metaspace       used 65885K, committed 67456K, reserved 1114112K
  class space    used 6964K, committed 7680K, reserved 1048576K
}
Event: 34.863 GC heap before
{Heap before GC invocations=84 (full 3):
 PSYoungGen      total 9216K, used 9216K [0x00000000d5580000, 0x00000000d6280000, 0x0000000100000000)
  eden space 8704K, 100% used [0x00000000d5580000,0x00000000d5e00000,0x00000000d5e00000)
  from space 512K, 100% used [0x00000000d6200000,0x00000000d6280000,0x00000000d6280000)
  to   space 2048K, 0% used [0x00000000d5e80000,0x00000000d5e80000,0x00000000d6080000)
 ParOldGen       total 113664K, used 113606K [0x0000000080000000, 0x0000000086f00000, 0x00000000d5580000)
  object space 113664K, 99% used [0x0000000080000000,0x0000000086ef18e8,0x0000000086f00000)
 Metaspace       used 66048K, committed 67648K, reserved 1114112K
  class space    used 6965K, committed 7680K, reserved 1048576K
}
Event: 34.866 GC heap after
{Heap after GC invocations=84 (full 3):
 PSYoungGen      total 10752K, used 992K [0x00000000d5580000, 0x00000000d6280000, 0x0000000100000000)
  eden space 8704K, 0% used [0x00000000d5580000,0x00000000d5580000,0x00000000d5e00000)
  from space 2048K, 48% used [0x00000000d5e80000,0x00000000d5f78000,0x00000000d6080000)
  to   space 1536K, 0% used [0x00000000d6100000,0x00000000d6100000,0x00000000d6280000)
 ParOldGen       total 114176K, used 114148K [0x0000000080000000, 0x0000000086f80000, 0x00000000d5580000)
  object space 114176K, 99% used [0x0000000080000000,0x0000000086f79340,0x0000000086f80000)
 Metaspace       used 66048K, committed 67648K, reserved 1114112K
  class space    used 6965K, committed 7680K, reserved 1048576K
}
Event: 36.264 GC heap before
{Heap before GC invocations=85 (full 3):
 PSYoungGen      total 10752K, used 9696K [0x00000000d5580000, 0x00000000d6280000, 0x0000000100000000)
  eden space 8704K, 100% used [0x00000000d5580000,0x00000000d5e00000,0x00000000d5e00000)
  from space 2048K, 48% used [0x00000000d5e80000,0x00000000d5f78000,0x00000000d6080000)
  to   space 1536K, 0% used [0x00000000d6100000,0x00000000d6100000,0x00000000d6280000)
 ParOldGen       total 114176K, used 114148K [0x0000000080000000, 0x0000000086f80000, 0x00000000d5580000)
  object space 114176K, 99% used [0x0000000080000000,0x0000000086f79340,0x0000000086f80000)
 Metaspace       used 66244K, committed 67840K, reserved 1114112K
  class space    used 6974K, committed 7680K, reserved 1048576K
}
Event: 36.267 GC heap after
{Heap after GC invocations=85 (full 3):
 PSYoungGen      total 9216K, used 224K [0x00000000d5580000, 0x00000000d6180000, 0x0000000100000000)
  eden space 8704K, 0% used [0x00000000d5580000,0x00000000d5580000,0x00000000d5e00000)
  from space 512K, 43% used [0x00000000d6100000,0x00000000d6138000,0x00000000d6180000)
  to   space 1024K, 0% used [0x00000000d5f80000,0x00000000d5f80000,0x00000000d6080000)
 ParOldGen       total 115200K, used 114836K [0x0000000080000000, 0x0000000087080000, 0x00000000d5580000)
  object space 115200K, 99% used [0x0000000080000000,0x0000000087025280,0x0000000087080000)
 Metaspace       used 66244K, committed 67840K, reserved 1114112K
  class space    used 6974K, committed 7680K, reserved 1048576K
}
Event: 36.569 GC heap before
{Heap before GC invocations=86 (full 3):
 PSYoungGen      total 9216K, used 8928K [0x00000000d5580000, 0x00000000d6180000, 0x0000000100000000)
  eden space 8704K, 100% used [0x00000000d5580000,0x00000000d5e00000,0x00000000d5e00000)
  from space 512K, 43% used [0x00000000d6100000,0x00000000d6138000,0x00000000d6180000)
  to   space 1024K, 0% used [0x00000000d5f80000,0x00000000d5f80000,0x00000000d6080000)
 ParOldGen       total 115200K, used 114836K [0x0000000080000000, 0x0000000087080000, 0x00000000d5580000)
  object space 115200K, 99% used [0x0000000080000000,0x0000000087025280,0x0000000087080000)
 Metaspace       used 66333K, committed 68032K, reserved 1114112K
  class space    used 6980K, committed 7744K, reserved 1048576K
}
Event: 36.571 GC heap after
{Heap after GC invocations=86 (full 3):
 PSYoungGen      total 9728K, used 1005K [0x00000000d5580000, 0x00000000d6180000, 0x0000000100000000)
  eden space 8704K, 0% used [0x00000000d5580000,0x00000000d5580000,0x00000000d5e00000)
  from space 1024K, 98% used [0x00000000d5f80000,0x00000000d607b530,0x00000000d6080000)
  to   space 1024K, 0% used [0x00000000d6080000,0x00000000d6080000,0x00000000d6180000)
 ParOldGen       total 115200K, used 114956K [0x0000000080000000, 0x0000000087080000, 0x00000000d5580000)
  object space 115200K, 99% used [0x0000000080000000,0x0000000087043290,0x0000000087080000)
 Metaspace       used 66333K, committed 68032K, reserved 1114112K
  class space    used 6980K, committed 7744K, reserved 1048576K
}
Event: 36.928 GC heap before
{Heap before GC invocations=87 (full 3):
 PSYoungGen      total 9728K, used 9709K [0x00000000d5580000, 0x00000000d6180000, 0x0000000100000000)
  eden space 8704K, 100% used [0x00000000d5580000,0x00000000d5e00000,0x00000000d5e00000)
  from space 1024K, 98% used [0x00000000d5f80000,0x00000000d607b530,0x00000000d6080000)
  to   space 1024K, 0% used [0x00000000d6080000,0x00000000d6080000,0x00000000d6180000)
 ParOldGen       total 115200K, used 114956K [0x0000000080000000, 0x0000000087080000, 0x00000000d5580000)
  object space 115200K, 99% used [0x0000000080000000,0x0000000087043290,0x0000000087080000)
 Metaspace       used 66348K, committed 68032K, reserved 1114112K
  class space    used 6980K, committed 7744K, reserved 1048576K
}
Event: 36.930 GC heap after
{Heap after GC invocations=87 (full 3):
 PSYoungGen      total 9216K, used 160K [0x00000000d5580000, 0x00000000d6100000, 0x0000000100000000)
  eden space 8704K, 0% used [0x00000000d5580000,0x00000000d5580000,0x00000000d5e00000)
  from space 512K, 31% used [0x00000000d6080000,0x00000000d60a8000,0x00000000d6100000)
  to   space 512K, 0% used [0x00000000d6000000,0x00000000d6000000,0x00000000d6080000)
 ParOldGen       total 116224K, used 115905K [0x0000000080000000, 0x0000000087180000, 0x00000000d5580000)
  object space 116224K, 99% used [0x0000000080000000,0x00000000871307c0,0x0000000087180000)
 Metaspace       used 66348K, committed 68032K, reserved 1114112K
  class space    used 6980K, committed 7744K, reserved 1048576K
}
Event: 37.305 GC heap before
{Heap before GC invocations=88 (full 3):
 PSYoungGen      total 9216K, used 8864K [0x00000000d5580000, 0x00000000d6100000, 0x0000000100000000)
  eden space 8704K, 100% used [0x00000000d5580000,0x00000000d5e00000,0x00000000d5e00000)
  from space 512K, 31% used [0x00000000d6080000,0x00000000d60a8000,0x00000000d6100000)
  to   space 512K, 0% used [0x00000000d6000000,0x00000000d6000000,0x00000000d6080000)
 ParOldGen       total 116224K, used 115905K [0x0000000080000000, 0x0000000087180000, 0x00000000d5580000)
  object space 116224K, 99% used [0x0000000080000000,0x00000000871307c0,0x0000000087180000)
 Metaspace       used 66390K, committed 68032K, reserved 1114112K
  class space    used 6983K, committed 7744K, reserved 1048576K
}
Event: 37.306 GC heap after
{Heap after GC invocations=88 (full 3):
 PSYoungGen      total 9216K, used 256K [0x00000000d5580000, 0x00000000d6100000, 0x0000000100000000)
  eden space 8704K, 0% used [0x00000000d5580000,0x00000000d5580000,0x00000000d5e00000)
  from space 512K, 50% used [0x00000000d6000000,0x00000000d6040000,0x00000000d6080000)
  to   space 512K, 0% used [0x00000000d6080000,0x00000000d6080000,0x00000000d6100000)
 ParOldGen       total 116224K, used 115953K [0x0000000080000000, 0x0000000087180000, 0x00000000d5580000)
  object space 116224K, 99% used [0x0000000080000000,0x000000008713c7c0,0x0000000087180000)
 Metaspace       used 66390K, committed 68032K, reserved 1114112K
  class space    used 6983K, committed 7744K, reserved 1048576K
}
Event: 37.682 GC heap before
{Heap before GC invocations=89 (full 3):
 PSYoungGen      total 9216K, used 8960K [0x00000000d5580000, 0x00000000d6100000, 0x0000000100000000)
  eden space 8704K, 100% used [0x00000000d5580000,0x00000000d5e00000,0x00000000d5e00000)
  from space 512K, 50% used [0x00000000d6000000,0x00000000d6040000,0x00000000d6080000)
  to   space 512K, 0% used [0x00000000d6080000,0x00000000d6080000,0x00000000d6100000)
 ParOldGen       total 116224K, used 115953K [0x0000000080000000, 0x0000000087180000, 0x00000000d5580000)
  object space 116224K, 99% used [0x0000000080000000,0x000000008713c7c0,0x0000000087180000)
 Metaspace       used 66439K, committed 68096K, reserved 1114112K
  class space    used 6986K, committed 7744K, reserved 1048576K
}
Event: 37.683 GC heap after
{Heap after GC invocations=89 (full 3):
 PSYoungGen      total 9216K, used 256K [0x00000000d5580000, 0x00000000d6100000, 0x0000000100000000)
  eden space 8704K, 0% used [0x00000000d5580000,0x00000000d5580000,0x00000000d5e00000)
  from space 512K, 50% used [0x00000000d6080000,0x00000000d60c0000,0x00000000d6100000)
  to   space 512K, 0% used [0x00000000d6000000,0x00000000d6000000,0x00000000d6080000)
 ParOldGen       total 116224K, used 116009K [0x0000000080000000, 0x0000000087180000, 0x00000000d5580000)
  object space 116224K, 99% used [0x0000000080000000,0x000000008714a7c0,0x0000000087180000)
 Metaspace       used 66439K, committed 68096K, reserved 1114112K
  class space    used 6986K, committed 7744K, reserved 1048576K
}
Event: 371.948 GC heap before
{Heap before GC invocations=90 (full 3):
 PSYoungGen      total 9216K, used 8960K [0x00000000d5580000, 0x00000000d6100000, 0x0000000100000000)
  eden space 8704K, 100% used [0x00000000d5580000,0x00000000d5e00000,0x00000000d5e00000)
  from space 512K, 50% used [0x00000000d6080000,0x00000000d60c0000,0x00000000d6100000)
  to   space 512K, 0% used [0x00000000d6000000,0x00000000d6000000,0x00000000d6080000)
 ParOldGen       total 116224K, used 116009K [0x0000000080000000, 0x0000000087180000, 0x00000000d5580000)
  object space 116224K, 99% used [0x0000000080000000,0x000000008714a7c0,0x0000000087180000)
 Metaspace       used 66752K, committed 68352K, reserved 1114112K
  class space    used 7016K, committed 7744K, reserved 1048576K
}
Event: 371.949 GC heap after
{Heap after GC invocations=90 (full 3):
 PSYoungGen      total 9216K, used 224K [0x00000000d5580000, 0x00000000d6100000, 0x0000000100000000)
  eden space 8704K, 0% used [0x00000000d5580000,0x00000000d5580000,0x00000000d5e00000)
  from space 512K, 43% used [0x00000000d6000000,0x00000000d6038000,0x00000000d6080000)
  to   space 512K, 0% used [0x00000000d6080000,0x00000000d6080000,0x00000000d6100000)
 ParOldGen       total 116224K, used 116057K [0x0000000080000000, 0x0000000087180000, 0x00000000d5580000)
  object space 116224K, 99% used [0x0000000080000000,0x00000000871567c0,0x0000000087180000)
 Metaspace       used 66752K, committed 68352K, reserved 1114112K
  class space    used 7016K, committed 7744K, reserved 1048576K
}
Event: 372.091 GC heap before
{Heap before GC invocations=91 (full 3):
 PSYoungGen      total 9216K, used 8928K [0x00000000d5580000, 0x00000000d6100000, 0x0000000100000000)
  eden space 8704K, 100% used [0x00000000d5580000,0x00000000d5e00000,0x00000000d5e00000)
  from space 512K, 43% used [0x00000000d6000000,0x00000000d6038000,0x00000000d6080000)
  to   space 512K, 0% used [0x00000000d6080000,0x00000000d6080000,0x00000000d6100000)
 ParOldGen       total 116224K, used 116057K [0x0000000080000000, 0x0000000087180000, 0x00000000d5580000)
  object space 116224K, 99% used [0x0000000080000000,0x00000000871567c0,0x0000000087180000)
 Metaspace       used 66784K, committed 68416K, reserved 1114112K
  class space    used 7016K, committed 7744K, reserved 1048576K
}
Event: 372.093 GC heap after
{Heap after GC invocations=91 (full 3):
 PSYoungGen      total 9216K, used 160K [0x00000000d5580000, 0x00000000d6100000, 0x0000000100000000)
  eden space 8704K, 0% used [0x00000000d5580000,0x00000000d5580000,0x00000000d5e00000)
  from space 512K, 31% used [0x00000000d6080000,0x00000000d60a8000,0x00000000d6100000)
  to   space 512K, 0% used [0x00000000d6000000,0x00000000d6000000,0x00000000d6080000)
 ParOldGen       total 116224K, used 116193K [0x0000000080000000, 0x0000000087180000, 0x00000000d5580000)
  object space 116224K, 99% used [0x0000000080000000,0x00000000871787c0,0x0000000087180000)
 Metaspace       used 66784K, committed 68416K, reserved 1114112K
  class space    used 7016K, committed 7744K, reserved 1048576K
}

